[    1880ms] [ERROR] Failed to load resource: the server responded with a status of 500 (Internal Server Error) @ http://localhost:3000/profile:0
[    2006ms] [INFO] %cDownload the React DevTools for a better development experience: https://react.dev/link/react-devtools font-weight:bold @ http://localhost:3000/_next/static/chunks/node_modules_next_dist_1ybzpk2._.js:2477
[    2054ms] [LOG] [HMR] connected @ http://localhost:3000/_next/static/chunks/node_modules_next_dist_1ybzpk2._.js:2477
[    2133ms] PrismaClientKnownRequestError: 
Invalid `__TURBOPACK__imported__module__$5b$project$5d2f$src$2f$lib$2f$prisma$2e$ts__$5b$app$2d$rsc$5d$__$28$ecmascript$29$__["prisma"].user.findUniqueOrThrow()` invocation in
/home/evans/projects/devmem/.next/dev/server/chunks/ssr/[root-of-the-server]__11z8dax._.js:121:141

  118 ;
  119 async function getProfileData(userId) {
  120     const [user, itemTypes, totalCollections] = await Promise.all([
→ 121         __TURBOPACK__imported__module__$5b$project$5d2f$src$2f$lib$2f$prisma$2e$ts__$5b$app$2d$rsc$5d$__$28$ecmascript$29$__["prisma"].user.findUniqueOrThrow(
An operation failed because it depends on one or more records that were required but not found. No record was found for a query.
    at Function.all (<anonymous>:1:21)
    at getProfileData (about://React/Server/file:///home/evans/projects/devmem/.next/dev/server/chunks/ssr/%5Broot-of-the-server%5D__11z8dax._.js?0:120:49)
    at Function.all (<anonymous>:1:21)
    at ProfilePage (about://React/Server/file:///home/evans/projects/devmem/.next/dev/server/chunks/ssr/%5Broot-of-the-server%5D__11z8dax._.js?1:680:47)
    at resolveErrorDev (http://localhost:3000/_next/static/chunks/node_modules_next_dist_compiled_react-server-dom-turbopack_164kp-6._.js:1919:105)
    at processFullStringRow (http://localhost:3000/_next/static/chunks/node_modules_next_dist_compiled_react-server-dom-turbopack_164kp-6._.js:2434:29)
    at processFullBinaryRow (http://localhost:3000/_next/static/chunks/node_modules_next_dist_compiled_react-server-dom-turbopack_164kp-6._.js:2393:9)
    at processBinaryChunk (http://localhost:3000/_next/static/chunks/node_modules_next_dist_compiled_react-server-dom-turbopack_164kp-6._.js:2502:221)
    at progress (http://localhost:3000/_next/static/chunks/node_modules_next_dist_compiled_react-server-dom-turbopack_164kp-6._.js:2689:13)
